2013-09-24 14:38:23,054 [Worker-5] INFO  o.e.m.c.i.l.LifecycleMappingFactory - Using org.maven.ide.eclipse.wtp.WarLifecycleMapping lifecycle mapping for MavenProject: com.sample:tutorial:0.0.1-SNAPSHOT @ D:\javawork\tutorial\pom.xml.
2013-09-24 14:38:27,055 [Worker-5] INFO  o.e.m.j.i.AbstractJavaProjectConfigurator - Adding source folder /tutorial/src/main/java
2013-09-24 14:38:27,056 [Worker-5] INFO  o.e.m.j.i.AbstractJavaProjectConfigurator - Resources folder /tutorial/src/main/resources overlaps with sources folder /tutorial/src/main/resources
2013-09-24 14:38:27,056 [Worker-5] INFO  o.e.m.j.i.AbstractJavaProjectConfigurator - Adding source folder /tutorial/src/test/java
2013-09-24 14:38:27,057 [Worker-2] INFO  o.e.m.c.i.l.LifecycleMappingFactory - Using org.maven.ide.eclipse.wtp.WarLifecycleMapping lifecycle mapping for MavenProject: com.sample:tutorial:0.0.1-SNAPSHOT @ D:\javawork\tutorial\pom.xml.
2013-09-24 14:38:28,973 [Worker-4] INFO  o.e.m.c.i.embedder.EclipseLogger - Using 'UTF-8' encoding to copy filtered resources.
2013-09-24 14:38:28,976 [Worker-4] INFO  o.e.m.c.i.embedder.EclipseLogger - Copying 0 resource
2013-09-24 14:38:28,978 [Worker-4] INFO  o.e.m.c.i.embedder.EclipseLogger - Using 'UTF-8' encoding to copy filtered resources.
2013-09-24 14:38:28,978 [Worker-4] INFO  o.e.m.c.i.embedder.EclipseLogger - skip non existing resourceDirectory D:\javawork\tutorial\src\test\resources
2013-09-24 15:05:18,576 [Worker-3] INFO  o.e.m.c.i.embedder.EclipseLogger - Using 'UTF-8' encoding to copy filtered resources.
2013-09-24 15:05:18,602 [Worker-3] INFO  o.e.m.c.i.embedder.EclipseLogger - Copying 0 resource
2013-09-24 15:05:18,605 [Worker-3] INFO  o.e.m.c.i.embedder.EclipseLogger - Using 'UTF-8' encoding to copy filtered resources.
2013-09-24 15:05:18,605 [Worker-3] INFO  o.e.m.c.i.embedder.EclipseLogger - skip non existing resourceDirectory D:\javawork\tutorial\src\test\resources
2013-09-24 15:06:59,177 [Worker-7] INFO  o.e.m.c.i.l.LifecycleMappingFactory - Using org.maven.ide.eclipse.wtp.WarLifecycleMapping lifecycle mapping for MavenProject: com.sample:tutorial:0.0.1-SNAPSHOT @ D:\javawork\tutorial\pom.xml.
2013-09-24 15:07:00,536 [Worker-7] INFO  o.e.m.c.i.embedder.EclipseLogger - Using 'UTF-8' encoding to copy filtered resources.
2013-09-24 15:07:00,538 [Worker-7] INFO  o.e.m.c.i.embedder.EclipseLogger - Copying 0 resource
2013-09-24 15:07:00,540 [Worker-7] INFO  o.e.m.c.i.embedder.EclipseLogger - Using 'UTF-8' encoding to copy filtered resources.
2013-09-24 15:07:00,541 [Worker-7] INFO  o.e.m.c.i.embedder.EclipseLogger - skip non existing resourceDirectory D:\javawork\tutorial\src\test\resources
2013-09-24 15:46:59,720 [Worker-18] INFO  o.e.m.c.i.l.LifecycleMappingFactory - Using org.maven.ide.eclipse.wtp.WarLifecycleMapping lifecycle mapping for MavenProject: com.sample:tutorial:0.0.1-SNAPSHOT @ D:\javawork\tutorial\pom.xml.
2013-09-24 15:47:00,255 [Worker-18] INFO  o.e.m.c.i.embedder.EclipseLogger - Using 'UTF-8' encoding to copy filtered resources.
2013-09-24 15:47:00,255 [Worker-18] INFO  o.e.m.c.i.embedder.EclipseLogger - Copying 0 resource
2013-09-24 15:47:00,257 [Worker-18] INFO  o.e.m.c.i.embedder.EclipseLogger - Using 'UTF-8' encoding to copy filtered resources.
2013-09-24 15:47:00,257 [Worker-18] INFO  o.e.m.c.i.embedder.EclipseLogger - skip non existing resourceDirectory D:\javawork\tutorial\src\test\resources
2013-09-26 11:29:51,961 [Worker-2] INFO  o.e.m.i.launch.MavenLaunchDelegate - D:\javawork\tutorial
2013-09-26 11:29:51,990 [Worker-2] INFO  o.e.m.i.launch.MavenLaunchDelegate -  mvn  -B install
2013-09-26 11:31:42,871 [Worker-0] INFO  o.e.m.c.i.embedder.EclipseLogger - Using 'UTF-8' encoding to copy filtered resources.
2013-09-26 11:31:42,874 [Worker-0] INFO  o.e.m.c.i.embedder.EclipseLogger - Copying 0 resource
2013-09-26 11:31:42,904 [Worker-0] INFO  o.e.m.c.i.embedder.EclipseLogger - Using 'UTF-8' encoding to copy filtered resources.
2013-09-26 11:31:42,904 [Worker-0] INFO  o.e.m.c.i.embedder.EclipseLogger - skip non existing resourceDirectory D:\javawork\tutorial\src\test\resources
2013-09-26 11:35:18,818 [Worker-3] INFO  o.e.m.c.i.l.LifecycleMappingFactory - Using org.maven.ide.eclipse.wtp.WarLifecycleMapping lifecycle mapping for MavenProject: com.sample:tutorial:0.0.1-SNAPSHOT @ D:\javawork\tutorial\pom.xml.
2013-09-26 11:35:19,377 [Worker-3] INFO  o.e.m.c.i.embedder.EclipseLogger - Using 'UTF-8' encoding to copy filtered resources.
2013-09-26 11:35:19,380 [Worker-3] INFO  o.e.m.c.i.embedder.EclipseLogger - Copying 0 resource
2013-09-26 11:35:19,381 [Worker-3] INFO  o.e.m.c.i.embedder.EclipseLogger - Using 'UTF-8' encoding to copy filtered resources.
2013-09-26 11:35:19,382 [Worker-3] INFO  o.e.m.c.i.embedder.EclipseLogger - skip non existing resourceDirectory D:\javawork\tutorial\src\test\resources
2013-09-26 12:59:30,095 [Worker-25] INFO  o.e.m.c.i.l.LifecycleMappingFactory - Using org.maven.ide.eclipse.wtp.WarLifecycleMapping lifecycle mapping for MavenProject: com.sample:tutorial:0.0.1-SNAPSHOT @ D:\javawork\tutorial\pom.xml.
2013-09-26 12:59:30,900 [Worker-25] INFO  o.e.m.c.i.embedder.EclipseLogger - Using 'UTF-8' encoding to copy filtered resources.
2013-09-26 12:59:30,901 [Worker-25] INFO  o.e.m.c.i.embedder.EclipseLogger - Copying 0 resource
2013-09-26 12:59:30,903 [Worker-25] INFO  o.e.m.c.i.embedder.EclipseLogger - Using 'UTF-8' encoding to copy filtered resources.
2013-09-26 12:59:30,903 [Worker-25] INFO  o.e.m.c.i.embedder.EclipseLogger - skip non existing resourceDirectory D:\javawork\tutorial\src\test\resources
2013-09-27 10:23:00,990 [Worker-0] INFO  o.e.m.c.i.embedder.EclipseLogger - Using 'UTF-8' encoding to copy filtered resources.
2013-09-27 10:23:01,033 [Worker-0] INFO  o.e.m.c.i.embedder.EclipseLogger - Copying 0 resource
2013-09-27 10:23:01,038 [Worker-0] INFO  o.e.m.c.i.embedder.EclipseLogger - Using 'UTF-8' encoding to copy filtered resources.
2013-09-27 10:23:01,038 [Worker-0] INFO  o.e.m.c.i.embedder.EclipseLogger - skip non existing resourceDirectory D:\javawork\tutorial\src\test\resources
2013-09-27 10:23:09,347 [Worker-2] INFO  o.e.m.c.i.embedder.EclipseLogger - Using 'UTF-8' encoding to copy filtered resources.
2013-09-27 10:23:09,350 [Worker-2] INFO  o.e.m.c.i.embedder.EclipseLogger - Copying 0 resource
2013-09-27 10:23:09,353 [Worker-2] INFO  o.e.m.c.i.embedder.EclipseLogger - Using 'UTF-8' encoding to copy filtered resources.
2013-09-27 10:23:09,354 [Worker-2] INFO  o.e.m.c.i.embedder.EclipseLogger - skip non existing resourceDirectory D:\javawork\tutorial\src\test\resources
2013-09-27 10:23:22,437 [Worker-0] INFO  o.e.m.c.i.embedder.EclipseLogger - Using 'UTF-8' encoding to copy filtered resources.
2013-09-27 10:23:22,438 [Worker-0] INFO  o.e.m.c.i.embedder.EclipseLogger - Copying 0 resource
2013-09-27 10:23:22,440 [Worker-0] INFO  o.e.m.c.i.embedder.EclipseLogger - Using 'UTF-8' encoding to copy filtered resources.
2013-09-27 10:23:22,440 [Worker-0] INFO  o.e.m.c.i.embedder.EclipseLogger - skip non existing resourceDirectory D:\javawork\tutorial\src\test\resources
2013-09-27 10:26:30,697 [Worker-0] INFO  o.e.m.c.i.embedder.EclipseLogger - Using 'UTF-8' encoding to copy filtered resources.
2013-09-27 10:26:30,702 [Worker-0] INFO  o.e.m.c.i.embedder.EclipseLogger - Copying 0 resource
2013-09-27 10:26:30,704 [Worker-0] INFO  o.e.m.c.i.embedder.EclipseLogger - Using 'UTF-8' encoding to copy filtered resources.
2013-09-27 10:26:30,705 [Worker-0] INFO  o.e.m.c.i.embedder.EclipseLogger - skip non existing resourceDirectory D:\javawork\tutorial\src\test\resources
2013-09-27 10:26:53,777 [Worker-2] INFO  o.e.m.c.i.embedder.EclipseLogger - Using 'UTF-8' encoding to copy filtered resources.
2013-09-27 10:26:53,786 [Worker-2] INFO  o.e.m.c.i.embedder.EclipseLogger - Copying 0 resource
2013-09-27 10:26:53,788 [Worker-2] INFO  o.e.m.c.i.embedder.EclipseLogger - Using 'UTF-8' encoding to copy filtered resources.
2013-09-27 10:26:53,788 [Worker-2] INFO  o.e.m.c.i.embedder.EclipseLogger - skip non existing resourceDirectory D:\javawork\tutorial\src\test\resources
2013-09-27 10:27:09,830 [Worker-0] INFO  o.e.m.c.i.embedder.EclipseLogger - Using 'UTF-8' encoding to copy filtered resources.
2013-09-27 10:27:09,831 [Worker-0] INFO  o.e.m.c.i.embedder.EclipseLogger - Copying 0 resource
2013-09-27 10:27:09,832 [Worker-0] INFO  o.e.m.c.i.embedder.EclipseLogger - Using 'UTF-8' encoding to copy filtered resources.
2013-09-27 10:27:09,832 [Worker-0] INFO  o.e.m.c.i.embedder.EclipseLogger - skip non existing resourceDirectory D:\javawork\tutorial\src\test\resources
2013-09-27 10:29:57,837 [Worker-11] INFO  o.e.m.c.i.embedder.EclipseLogger - Using 'UTF-8' encoding to copy filtered resources.
2013-09-27 10:29:57,837 [Worker-11] INFO  o.e.m.c.i.embedder.EclipseLogger - Copying 0 resource
2013-09-27 10:29:57,839 [Worker-11] INFO  o.e.m.c.i.embedder.EclipseLogger - Using 'UTF-8' encoding to copy filtered resources.
2013-09-27 10:29:57,839 [Worker-11] INFO  o.e.m.c.i.embedder.EclipseLogger - skip non existing resourceDirectory D:\javawork\tutorial\src\test\resources
2013-09-27 12:13:47,210 [Worker-28] INFO  o.e.m.c.i.embedder.EclipseLogger - Using 'UTF-8' encoding to copy filtered resources.
2013-09-27 12:13:47,210 [Worker-28] INFO  o.e.m.c.i.embedder.EclipseLogger - Copying 0 resource
2013-09-27 12:13:47,213 [Worker-28] INFO  o.e.m.c.i.embedder.EclipseLogger - Using 'UTF-8' encoding to copy filtered resources.
2013-09-27 12:13:47,214 [Worker-28] INFO  o.e.m.c.i.embedder.EclipseLogger - skip non existing resourceDirectory D:\javawork\tutorial\src\test\resources
2013-09-27 12:14:57,614 [Worker-31] INFO  o.e.m.c.i.embedder.EclipseLogger - Using 'UTF-8' encoding to copy filtered resources.
2013-09-27 12:14:57,615 [Worker-31] INFO  o.e.m.c.i.embedder.EclipseLogger - Copying 0 resource
2013-09-27 12:14:57,617 [Worker-31] INFO  o.e.m.c.i.embedder.EclipseLogger - Using 'UTF-8' encoding to copy filtered resources.
2013-09-27 12:14:57,617 [Worker-31] INFO  o.e.m.c.i.embedder.EclipseLogger - skip non existing resourceDirectory D:\javawork\tutorial\src\test\resources
2013-09-27 12:16:15,958 [Worker-28] INFO  o.e.m.c.i.embedder.EclipseLogger - Using 'UTF-8' encoding to copy filtered resources.
2013-09-27 12:16:15,959 [Worker-28] INFO  o.e.m.c.i.embedder.EclipseLogger - Copying 0 resource
2013-09-27 12:16:15,960 [Worker-28] INFO  o.e.m.c.i.embedder.EclipseLogger - Using 'UTF-8' encoding to copy filtered resources.
2013-09-27 12:16:15,961 [Worker-28] INFO  o.e.m.c.i.embedder.EclipseLogger - skip non existing resourceDirectory D:\javawork\tutorial\src\test\resources
2013-09-27 12:17:29,568 [Worker-30] INFO  o.e.m.c.i.embedder.EclipseLogger - Using 'UTF-8' encoding to copy filtered resources.
2013-09-27 12:17:29,568 [Worker-30] INFO  o.e.m.c.i.embedder.EclipseLogger - Copying 0 resource
2013-09-27 12:17:29,570 [Worker-30] INFO  o.e.m.c.i.embedder.EclipseLogger - Using 'UTF-8' encoding to copy filtered resources.
2013-09-27 12:17:29,570 [Worker-30] INFO  o.e.m.c.i.embedder.EclipseLogger - skip non existing resourceDirectory D:\javawork\tutorial\src\test\resources
2013-09-27 12:17:44,216 [Worker-33] INFO  o.e.m.c.i.embedder.EclipseLogger - Using 'UTF-8' encoding to copy filtered resources.
2013-09-27 12:17:44,216 [Worker-33] INFO  o.e.m.c.i.embedder.EclipseLogger - Copying 0 resource
2013-09-27 12:17:44,217 [Worker-33] INFO  o.e.m.c.i.embedder.EclipseLogger - Using 'UTF-8' encoding to copy filtered resources.
2013-09-27 12:17:44,217 [Worker-33] INFO  o.e.m.c.i.embedder.EclipseLogger - skip non existing resourceDirectory D:\javawork\tutorial\src\test\resources
2013-09-27 12:37:51,020 [Worker-38] INFO  o.e.m.c.i.embedder.EclipseLogger - Using 'UTF-8' encoding to copy filtered resources.
2013-09-27 12:37:51,020 [Worker-38] INFO  o.e.m.c.i.embedder.EclipseLogger - Copying 0 resource
2013-09-27 12:37:51,022 [Worker-38] INFO  o.e.m.c.i.embedder.EclipseLogger - Using 'UTF-8' encoding to copy filtered resources.
2013-09-27 12:37:51,022 [Worker-38] INFO  o.e.m.c.i.embedder.EclipseLogger - skip non existing resourceDirectory D:\javawork\tutorial\src\test\resources
2013-09-27 12:54:42,075 [Worker-49] INFO  o.e.m.c.i.embedder.EclipseLogger - Using 'UTF-8' encoding to copy filtered resources.
2013-09-27 12:54:42,076 [Worker-49] INFO  o.e.m.c.i.embedder.EclipseLogger - Copying 0 resource
2013-09-27 12:54:42,077 [Worker-49] INFO  o.e.m.c.i.embedder.EclipseLogger - Using 'UTF-8' encoding to copy filtered resources.
2013-09-27 12:54:42,077 [Worker-49] INFO  o.e.m.c.i.embedder.EclipseLogger - skip non existing resourceDirectory D:\javawork\tutorial\src\test\resources
2013-09-27 12:55:41,986 [Worker-48] INFO  o.e.m.c.i.embedder.EclipseLogger - Using 'UTF-8' encoding to copy filtered resources.
2013-09-27 12:55:41,986 [Worker-48] INFO  o.e.m.c.i.embedder.EclipseLogger - Copying 0 resource
2013-09-27 12:55:41,988 [Worker-48] INFO  o.e.m.c.i.embedder.EclipseLogger - Using 'UTF-8' encoding to copy filtered resources.
2013-09-27 12:55:41,988 [Worker-48] INFO  o.e.m.c.i.embedder.EclipseLogger - skip non existing resourceDirectory D:\javawork\tutorial\src\test\resources
2013-09-27 12:56:44,707 [Worker-48] INFO  o.e.m.c.i.embedder.EclipseLogger - Using 'UTF-8' encoding to copy filtered resources.
2013-09-27 12:56:44,707 [Worker-48] INFO  o.e.m.c.i.embedder.EclipseLogger - Copying 0 resource
2013-09-27 12:56:44,709 [Worker-48] INFO  o.e.m.c.i.embedder.EclipseLogger - Using 'UTF-8' encoding to copy filtered resources.
2013-09-27 12:56:44,710 [Worker-48] INFO  o.e.m.c.i.embedder.EclipseLogger - skip non existing resourceDirectory D:\javawork\tutorial\src\test\resources
2013-09-27 14:44:31,506 [Worker-71] INFO  o.e.m.c.i.embedder.EclipseLogger - Using 'UTF-8' encoding to copy filtered resources.
2013-09-27 14:44:31,507 [Worker-71] INFO  o.e.m.c.i.embedder.EclipseLogger - Copying 0 resource
2013-09-27 14:44:31,510 [Worker-71] INFO  o.e.m.c.i.embedder.EclipseLogger - Using 'UTF-8' encoding to copy filtered resources.
2013-09-27 14:44:31,510 [Worker-71] INFO  o.e.m.c.i.embedder.EclipseLogger - skip non existing resourceDirectory D:\javawork\tutorial\src\test\resources
2013-09-27 14:44:43,929 [Worker-65] INFO  o.e.m.c.i.embedder.EclipseLogger - Using 'UTF-8' encoding to copy filtered resources.
2013-09-27 14:44:43,930 [Worker-65] INFO  o.e.m.c.i.embedder.EclipseLogger - Copying 0 resource
2013-09-27 14:44:43,931 [Worker-65] INFO  o.e.m.c.i.embedder.EclipseLogger - Using 'UTF-8' encoding to copy filtered resources.
2013-09-27 14:44:43,931 [Worker-65] INFO  o.e.m.c.i.embedder.EclipseLogger - skip non existing resourceDirectory D:\javawork\tutorial\src\test\resources
2013-09-27 14:45:33,394 [Worker-73] INFO  o.e.m.c.i.embedder.EclipseLogger - Using 'UTF-8' encoding to copy filtered resources.
2013-09-27 14:45:33,395 [Worker-73] INFO  o.e.m.c.i.embedder.EclipseLogger - Copying 0 resource
2013-09-27 14:45:33,396 [Worker-73] INFO  o.e.m.c.i.embedder.EclipseLogger - Using 'UTF-8' encoding to copy filtered resources.
2013-09-27 14:45:33,397 [Worker-73] INFO  o.e.m.c.i.embedder.EclipseLogger - skip non existing resourceDirectory D:\javawork\tutorial\src\test\resources
2013-09-27 14:49:26,230 [Worker-75] INFO  o.e.m.c.i.embedder.EclipseLogger - Using 'UTF-8' encoding to copy filtered resources.
2013-09-27 14:49:26,231 [Worker-75] INFO  o.e.m.c.i.embedder.EclipseLogger - Copying 0 resource
2013-09-27 14:49:26,232 [Worker-75] INFO  o.e.m.c.i.embedder.EclipseLogger - Using 'UTF-8' encoding to copy filtered resources.
2013-09-27 14:49:26,232 [Worker-75] INFO  o.e.m.c.i.embedder.EclipseLogger - skip non existing resourceDirectory D:\javawork\tutorial\src\test\resources
2013-09-27 14:50:27,378 [Worker-77] INFO  o.e.m.c.i.embedder.EclipseLogger - Using 'UTF-8' encoding to copy filtered resources.
2013-09-27 14:50:27,379 [Worker-77] INFO  o.e.m.c.i.embedder.EclipseLogger - Copying 0 resource
2013-09-27 14:50:27,383 [Worker-77] INFO  o.e.m.c.i.embedder.EclipseLogger - Using 'UTF-8' encoding to copy filtered resources.
2013-09-27 14:50:27,383 [Worker-77] INFO  o.e.m.c.i.embedder.EclipseLogger - skip non existing resourceDirectory D:\javawork\tutorial\src\test\resources
2013-09-27 14:50:33,436 [Worker-71] INFO  o.e.m.c.i.embedder.EclipseLogger - Using 'UTF-8' encoding to copy filtered resources.
2013-09-27 14:50:33,437 [Worker-71] INFO  o.e.m.c.i.embedder.EclipseLogger - Copying 0 resource
2013-09-27 14:50:33,438 [Worker-71] INFO  o.e.m.c.i.embedder.EclipseLogger - Using 'UTF-8' encoding to copy filtered resources.
2013-09-27 14:50:33,438 [Worker-71] INFO  o.e.m.c.i.embedder.EclipseLogger - skip non existing resourceDirectory D:\javawork\tutorial\src\test\resources
2013-09-27 14:50:43,870 [Worker-71] INFO  o.e.m.c.i.embedder.EclipseLogger - Using 'UTF-8' encoding to copy filtered resources.
2013-09-27 14:50:43,870 [Worker-71] INFO  o.e.m.c.i.embedder.EclipseLogger - Copying 0 resource
2013-09-27 14:50:43,872 [Worker-71] INFO  o.e.m.c.i.embedder.EclipseLogger - Using 'UTF-8' encoding to copy filtered resources.
2013-09-27 14:50:43,872 [Worker-71] INFO  o.e.m.c.i.embedder.EclipseLogger - skip non existing resourceDirectory D:\javawork\tutorial\src\test\resources
2013-09-27 14:52:24,695 [Worker-76] INFO  o.e.m.c.i.embedder.EclipseLogger - Using 'UTF-8' encoding to copy filtered resources.
2013-09-27 14:52:24,696 [Worker-76] INFO  o.e.m.c.i.embedder.EclipseLogger - Copying 0 resource
2013-09-27 14:52:24,700 [Worker-76] INFO  o.e.m.c.i.embedder.EclipseLogger - Using 'UTF-8' encoding to copy filtered resources.
2013-09-27 14:52:24,700 [Worker-76] INFO  o.e.m.c.i.embedder.EclipseLogger - skip non existing resourceDirectory D:\javawork\tutorial\src\test\resources
2013-09-27 14:54:05,427 [Worker-77] INFO  o.e.m.c.i.embedder.EclipseLogger - Using 'UTF-8' encoding to copy filtered resources.
2013-09-27 14:54:05,429 [Worker-77] INFO  o.e.m.c.i.embedder.EclipseLogger - Copying 0 resource
2013-09-27 14:54:05,431 [Worker-77] INFO  o.e.m.c.i.embedder.EclipseLogger - Using 'UTF-8' encoding to copy filtered resources.
2013-09-27 14:54:05,432 [Worker-77] INFO  o.e.m.c.i.embedder.EclipseLogger - skip non existing resourceDirectory D:\javawork\tutorial\src\test\resources
2013-09-27 14:55:01,214 [Worker-71] INFO  o.e.m.c.i.embedder.EclipseLogger - Using 'UTF-8' encoding to copy filtered resources.
2013-09-27 14:55:01,215 [Worker-71] INFO  o.e.m.c.i.embedder.EclipseLogger - Copying 0 resource
2013-09-27 14:55:01,216 [Worker-71] INFO  o.e.m.c.i.embedder.EclipseLogger - Using 'UTF-8' encoding to copy filtered resources.
2013-09-27 14:55:01,216 [Worker-71] INFO  o.e.m.c.i.embedder.EclipseLogger - skip non existing resourceDirectory D:\javawork\tutorial\src\test\resources
2013-09-27 15:00:34,897 [Worker-81] INFO  o.e.m.c.i.embedder.EclipseLogger - Using 'UTF-8' encoding to copy filtered resources.
2013-09-27 15:00:34,898 [Worker-81] INFO  o.e.m.c.i.embedder.EclipseLogger - Copying 0 resource
2013-09-27 15:00:34,900 [Worker-81] INFO  o.e.m.c.i.embedder.EclipseLogger - Using 'UTF-8' encoding to copy filtered resources.
2013-09-27 15:00:34,900 [Worker-81] INFO  o.e.m.c.i.embedder.EclipseLogger - skip non existing resourceDirectory D:\javawork\tutorial\src\test\resources
2013-09-27 15:08:41,112 [Worker-85] INFO  o.e.m.c.i.embedder.EclipseLogger - Using 'UTF-8' encoding to copy filtered resources.
2013-09-27 15:08:41,113 [Worker-85] INFO  o.e.m.c.i.embedder.EclipseLogger - Copying 0 resource
2013-09-27 15:08:41,114 [Worker-85] INFO  o.e.m.c.i.embedder.EclipseLogger - Using 'UTF-8' encoding to copy filtered resources.
2013-09-27 15:08:41,114 [Worker-85] INFO  o.e.m.c.i.embedder.EclipseLogger - skip non existing resourceDirectory D:\javawork\tutorial\src\test\resources
2013-09-27 15:09:58,153 [Worker-85] INFO  o.e.m.c.i.embedder.EclipseLogger - Using 'UTF-8' encoding to copy filtered resources.
2013-09-27 15:09:58,153 [Worker-85] INFO  o.e.m.c.i.embedder.EclipseLogger - Copying 0 resource
2013-09-27 15:09:58,155 [Worker-85] INFO  o.e.m.c.i.embedder.EclipseLogger - Using 'UTF-8' encoding to copy filtered resources.
2013-09-27 15:09:58,155 [Worker-85] INFO  o.e.m.c.i.embedder.EclipseLogger - skip non existing resourceDirectory D:\javawork\tutorial\src\test\resources
2013-09-27 15:10:10,126 [Worker-83] INFO  o.e.m.c.i.embedder.EclipseLogger - Using 'UTF-8' encoding to copy filtered resources.
2013-09-27 15:10:10,127 [Worker-83] INFO  o.e.m.c.i.embedder.EclipseLogger - Copying 0 resource
2013-09-27 15:10:10,128 [Worker-83] INFO  o.e.m.c.i.embedder.EclipseLogger - Using 'UTF-8' encoding to copy filtered resources.
2013-09-27 15:10:10,129 [Worker-83] INFO  o.e.m.c.i.embedder.EclipseLogger - skip non existing resourceDirectory D:\javawork\tutorial\src\test\resources
2013-09-30 09:56:47,462 [Worker-4] INFO  o.e.m.c.i.embedder.EclipseLogger - Using 'UTF-8' encoding to copy filtered resources.
2013-09-30 09:56:47,500 [Worker-4] INFO  o.e.m.c.i.embedder.EclipseLogger - Copying 0 resource
2013-09-30 09:56:47,503 [Worker-4] INFO  o.e.m.c.i.embedder.EclipseLogger - Using 'UTF-8' encoding to copy filtered resources.
2013-09-30 09:56:47,503 [Worker-4] INFO  o.e.m.c.i.embedder.EclipseLogger - skip non existing resourceDirectory D:\javawork\tutorial\src\test\resources
2013-09-30 09:57:28,944 [Worker-2] INFO  o.e.m.c.i.embedder.EclipseLogger - Using 'UTF-8' encoding to copy filtered resources.
2013-09-30 09:57:28,948 [Worker-2] INFO  o.e.m.c.i.embedder.EclipseLogger - Copying 0 resource
2013-09-30 09:57:28,950 [Worker-2] INFO  o.e.m.c.i.embedder.EclipseLogger - Using 'UTF-8' encoding to copy filtered resources.
2013-09-30 09:57:28,950 [Worker-2] INFO  o.e.m.c.i.embedder.EclipseLogger - skip non existing resourceDirectory D:\javawork\tutorial\src\test\resources
2013-09-30 09:58:08,625 [Worker-1] INFO  o.e.m.c.i.embedder.EclipseLogger - Using 'UTF-8' encoding to copy filtered resources.
2013-09-30 09:58:08,626 [Worker-1] INFO  o.e.m.c.i.embedder.EclipseLogger - Copying 0 resource
2013-09-30 09:58:08,630 [Worker-1] INFO  o.e.m.c.i.embedder.EclipseLogger - Using 'UTF-8' encoding to copy filtered resources.
2013-09-30 09:58:08,630 [Worker-1] INFO  o.e.m.c.i.embedder.EclipseLogger - skip non existing resourceDirectory D:\javawork\tutorial\src\test\resources
2013-09-30 09:58:26,924 [Worker-7] INFO  o.e.m.c.i.embedder.EclipseLogger - Using 'UTF-8' encoding to copy filtered resources.
2013-09-30 09:58:26,925 [Worker-7] INFO  o.e.m.c.i.embedder.EclipseLogger - Copying 0 resource
2013-09-30 09:58:26,926 [Worker-7] INFO  o.e.m.c.i.embedder.EclipseLogger - Using 'UTF-8' encoding to copy filtered resources.
2013-09-30 09:58:26,926 [Worker-7] INFO  o.e.m.c.i.embedder.EclipseLogger - skip non existing resourceDirectory D:\javawork\tutorial\src\test\resources
2013-09-30 09:58:57,434 [Worker-3] INFO  o.e.m.c.i.embedder.EclipseLogger - Using 'UTF-8' encoding to copy filtered resources.
2013-09-30 09:58:57,435 [Worker-3] INFO  o.e.m.c.i.embedder.EclipseLogger - Copying 0 resource
2013-09-30 09:58:57,437 [Worker-3] INFO  o.e.m.c.i.embedder.EclipseLogger - Using 'UTF-8' encoding to copy filtered resources.
2013-09-30 09:58:57,437 [Worker-3] INFO  o.e.m.c.i.embedder.EclipseLogger - skip non existing resourceDirectory D:\javawork\tutorial\src\test\resources
2013-09-30 10:09:49,148 [Worker-10] INFO  o.e.m.c.i.embedder.EclipseLogger - Using 'UTF-8' encoding to copy filtered resources.
2013-09-30 10:09:49,148 [Worker-10] INFO  o.e.m.c.i.embedder.EclipseLogger - Copying 0 resource
2013-09-30 10:09:49,150 [Worker-10] INFO  o.e.m.c.i.embedder.EclipseLogger - Using 'UTF-8' encoding to copy filtered resources.
2013-09-30 10:09:49,150 [Worker-10] INFO  o.e.m.c.i.embedder.EclipseLogger - skip non existing resourceDirectory D:\javawork\tutorial\src\test\resources
2013-09-30 10:09:53,717 [Worker-14] INFO  o.e.m.c.i.embedder.EclipseLogger - Using 'UTF-8' encoding to copy filtered resources.
2013-09-30 10:09:53,717 [Worker-14] INFO  o.e.m.c.i.embedder.EclipseLogger - Copying 0 resource
2013-09-30 10:09:53,720 [Worker-14] INFO  o.e.m.c.i.embedder.EclipseLogger - Using 'UTF-8' encoding to copy filtered resources.
2013-09-30 10:09:53,720 [Worker-14] INFO  o.e.m.c.i.embedder.EclipseLogger - skip non existing resourceDirectory D:\javawork\tutorial\src\test\resources
2013-09-30 10:34:11,585 [Worker-10] INFO  o.e.m.c.i.embedder.EclipseLogger - Using 'UTF-8' encoding to copy filtered resources.
2013-09-30 10:34:11,585 [Worker-10] INFO  o.e.m.c.i.embedder.EclipseLogger - Copying 0 resource
2013-09-30 10:34:11,587 [Worker-10] INFO  o.e.m.c.i.embedder.EclipseLogger - Using 'UTF-8' encoding to copy filtered resources.
2013-09-30 10:34:11,587 [Worker-10] INFO  o.e.m.c.i.embedder.EclipseLogger - skip non existing resourceDirectory D:\javawork\tutorial\src\test\resources
2013-09-30 10:34:21,542 [Worker-23] INFO  o.e.m.c.i.embedder.EclipseLogger - Using 'UTF-8' encoding to copy filtered resources.
2013-09-30 10:34:21,543 [Worker-23] INFO  o.e.m.c.i.embedder.EclipseLogger - Copying 0 resource
2013-09-30 10:34:21,544 [Worker-23] INFO  o.e.m.c.i.embedder.EclipseLogger - Using 'UTF-8' encoding to copy filtered resources.
2013-09-30 10:34:21,545 [Worker-23] INFO  o.e.m.c.i.embedder.EclipseLogger - skip non existing resourceDirectory D:\javawork\tutorial\src\test\resources
2013-09-30 10:34:34,615 [Worker-23] INFO  o.e.m.c.i.embedder.EclipseLogger - Using 'UTF-8' encoding to copy filtered resources.
2013-09-30 10:34:34,616 [Worker-23] INFO  o.e.m.c.i.embedder.EclipseLogger - Copying 0 resource
2013-09-30 10:34:34,618 [Worker-23] INFO  o.e.m.c.i.embedder.EclipseLogger - Using 'UTF-8' encoding to copy filtered resources.
2013-09-30 10:34:34,619 [Worker-23] INFO  o.e.m.c.i.embedder.EclipseLogger - skip non existing resourceDirectory D:\javawork\tutorial\src\test\resources
2013-09-30 10:34:39,478 [Worker-22] INFO  o.e.m.c.i.embedder.EclipseLogger - Using 'UTF-8' encoding to copy filtered resources.
2013-09-30 10:34:39,479 [Worker-22] INFO  o.e.m.c.i.embedder.EclipseLogger - Copying 0 resource
2013-09-30 10:34:39,481 [Worker-22] INFO  o.e.m.c.i.embedder.EclipseLogger - Using 'UTF-8' encoding to copy filtered resources.
2013-09-30 10:34:39,481 [Worker-22] INFO  o.e.m.c.i.embedder.EclipseLogger - skip non existing resourceDirectory D:\javawork\tutorial\src\test\resources
2013-09-30 10:34:46,285 [Worker-10] INFO  o.e.m.c.i.embedder.EclipseLogger - Using 'UTF-8' encoding to copy filtered resources.
2013-09-30 10:34:46,286 [Worker-10] INFO  o.e.m.c.i.embedder.EclipseLogger - Copying 0 resource
2013-09-30 10:34:46,289 [Worker-10] INFO  o.e.m.c.i.embedder.EclipseLogger - Using 'UTF-8' encoding to copy filtered resources.
2013-09-30 10:34:46,289 [Worker-10] INFO  o.e.m.c.i.embedder.EclipseLogger - skip non existing resourceDirectory D:\javawork\tutorial\src\test\resources
2013-09-30 10:36:59,704 [Worker-23] INFO  o.e.m.c.i.embedder.EclipseLogger - Using 'UTF-8' encoding to copy filtered resources.
2013-09-30 10:36:59,704 [Worker-23] INFO  o.e.m.c.i.embedder.EclipseLogger - Copying 0 resource
2013-09-30 10:36:59,707 [Worker-23] INFO  o.e.m.c.i.embedder.EclipseLogger - Using 'UTF-8' encoding to copy filtered resources.
2013-09-30 10:36:59,707 [Worker-23] INFO  o.e.m.c.i.embedder.EclipseLogger - skip non existing resourceDirectory D:\javawork\tutorial\src\test\resources
2013-09-30 10:38:17,840 [Worker-27] INFO  o.e.m.c.i.embedder.EclipseLogger - Using 'UTF-8' encoding to copy filtered resources.
2013-09-30 10:38:17,841 [Worker-27] INFO  o.e.m.c.i.embedder.EclipseLogger - Copying 0 resource
2013-09-30 10:38:17,843 [Worker-27] INFO  o.e.m.c.i.embedder.EclipseLogger - Using 'UTF-8' encoding to copy filtered resources.
2013-09-30 10:38:17,844 [Worker-27] INFO  o.e.m.c.i.embedder.EclipseLogger - skip non existing resourceDirectory D:\javawork\tutorial\src\test\resources
2013-09-30 10:43:09,634 [Worker-21] INFO  o.e.m.c.i.embedder.EclipseLogger - Using 'UTF-8' encoding to copy filtered resources.
2013-09-30 10:43:09,634 [Worker-21] INFO  o.e.m.c.i.embedder.EclipseLogger - Copying 0 resource
2013-09-30 10:43:09,636 [Worker-21] INFO  o.e.m.c.i.embedder.EclipseLogger - Using 'UTF-8' encoding to copy filtered resources.
2013-09-30 10:43:09,636 [Worker-21] INFO  o.e.m.c.i.embedder.EclipseLogger - skip non existing resourceDirectory D:\javawork\tutorial\src\test\resources
2013-09-30 10:44:26,512 [Worker-29] INFO  o.e.m.c.i.embedder.EclipseLogger - Using 'UTF-8' encoding to copy filtered resources.
2013-09-30 10:44:26,513 [Worker-29] INFO  o.e.m.c.i.embedder.EclipseLogger - Copying 0 resource
2013-09-30 10:44:26,520 [Worker-29] INFO  o.e.m.c.i.embedder.EclipseLogger - Using 'UTF-8' encoding to copy filtered resources.
2013-09-30 10:44:26,520 [Worker-29] INFO  o.e.m.c.i.embedder.EclipseLogger - skip non existing resourceDirectory D:\javawork\tutorial\src\test\resources
2013-09-30 10:47:19,814 [Worker-30] INFO  o.e.m.c.i.embedder.EclipseLogger - Using 'UTF-8' encoding to copy filtered resources.
2013-09-30 10:47:19,814 [Worker-30] INFO  o.e.m.c.i.embedder.EclipseLogger - Copying 0 resource
2013-09-30 10:47:19,817 [Worker-30] INFO  o.e.m.c.i.embedder.EclipseLogger - Using 'UTF-8' encoding to copy filtered resources.
2013-09-30 10:47:19,818 [Worker-30] INFO  o.e.m.c.i.embedder.EclipseLogger - skip non existing resourceDirectory D:\javawork\tutorial\src\test\resources
2013-09-30 10:48:01,075 [Worker-36] INFO  o.e.m.c.i.embedder.EclipseLogger - Using 'UTF-8' encoding to copy filtered resources.
2013-09-30 10:48:01,075 [Worker-36] INFO  o.e.m.c.i.embedder.EclipseLogger - Copying 0 resource
2013-09-30 10:48:01,084 [Worker-36] INFO  o.e.m.c.i.embedder.EclipseLogger - Using 'UTF-8' encoding to copy filtered resources.
2013-09-30 10:48:01,084 [Worker-36] INFO  o.e.m.c.i.embedder.EclipseLogger - skip non existing resourceDirectory D:\javawork\tutorial\src\test\resources
2013-09-30 10:49:13,824 [Worker-32] INFO  o.e.m.c.i.embedder.EclipseLogger - Using 'UTF-8' encoding to copy filtered resources.
2013-09-30 10:49:13,825 [Worker-32] INFO  o.e.m.c.i.embedder.EclipseLogger - Copying 0 resource
2013-09-30 10:49:13,828 [Worker-32] INFO  o.e.m.c.i.embedder.EclipseLogger - Using 'UTF-8' encoding to copy filtered resources.
2013-09-30 10:49:13,828 [Worker-32] INFO  o.e.m.c.i.embedder.EclipseLogger - skip non existing resourceDirectory D:\javawork\tutorial\src\test\resources
2013-09-30 10:51:24,643 [Worker-30] INFO  o.e.m.c.i.embedder.EclipseLogger - Using 'UTF-8' encoding to copy filtered resources.
2013-09-30 10:51:24,644 [Worker-30] INFO  o.e.m.c.i.embedder.EclipseLogger - Copying 0 resource
2013-09-30 10:51:24,647 [Worker-30] INFO  o.e.m.c.i.embedder.EclipseLogger - Using 'UTF-8' encoding to copy filtered resources.
2013-09-30 10:51:24,647 [Worker-30] INFO  o.e.m.c.i.embedder.EclipseLogger - skip non existing resourceDirectory D:\javawork\tutorial\src\test\resources
2013-09-30 11:16:07,187 [Worker-41] INFO  o.e.m.c.i.embedder.EclipseLogger - Using 'UTF-8' encoding to copy filtered resources.
2013-09-30 11:16:07,187 [Worker-41] INFO  o.e.m.c.i.embedder.EclipseLogger - Copying 0 resource
2013-09-30 11:16:07,189 [Worker-41] INFO  o.e.m.c.i.embedder.EclipseLogger - Using 'UTF-8' encoding to copy filtered resources.
2013-09-30 11:16:07,189 [Worker-41] INFO  o.e.m.c.i.embedder.EclipseLogger - skip non existing resourceDirectory D:\javawork\tutorial\src\test\resources
2013-09-30 11:17:18,020 [Worker-41] INFO  o.e.m.c.i.embedder.EclipseLogger - Using 'UTF-8' encoding to copy filtered resources.
2013-09-30 11:17:18,038 [Worker-41] INFO  o.e.m.c.i.embedder.EclipseLogger - Copying 0 resource
2013-09-30 11:17:18,056 [Worker-41] INFO  o.e.m.c.i.embedder.EclipseLogger - Using 'UTF-8' encoding to copy filtered resources.
2013-09-30 11:17:18,057 [Worker-41] INFO  o.e.m.c.i.embedder.EclipseLogger - skip non existing resourceDirectory D:\javawork\tutorial\src\test\resources
2013-09-30 11:17:46,162 [Worker-48] INFO  o.e.m.c.i.embedder.EclipseLogger - Using 'UTF-8' encoding to copy filtered resources.
2013-09-30 11:17:46,163 [Worker-48] INFO  o.e.m.c.i.embedder.EclipseLogger - Copying 0 resource
2013-09-30 11:17:46,164 [Worker-48] INFO  o.e.m.c.i.embedder.EclipseLogger - Using 'UTF-8' encoding to copy filtered resources.
2013-09-30 11:17:46,164 [Worker-48] INFO  o.e.m.c.i.embedder.EclipseLogger - skip non existing resourceDirectory D:\javawork\tutorial\src\test\resources
2013-09-30 11:18:12,361 [Worker-44] INFO  o.e.m.c.i.embedder.EclipseLogger - Using 'UTF-8' encoding to copy filtered resources.
2013-09-30 11:18:12,362 [Worker-44] INFO  o.e.m.c.i.embedder.EclipseLogger - Copying 0 resource
2013-09-30 11:18:12,364 [Worker-44] INFO  o.e.m.c.i.embedder.EclipseLogger - Using 'UTF-8' encoding to copy filtered resources.
2013-09-30 11:18:12,364 [Worker-44] INFO  o.e.m.c.i.embedder.EclipseLogger - skip non existing resourceDirectory D:\javawork\tutorial\src\test\resources
2013-09-30 11:18:38,490 [Worker-43] INFO  o.e.m.c.i.embedder.EclipseLogger - Using 'UTF-8' encoding to copy filtered resources.
2013-09-30 11:18:38,491 [Worker-43] INFO  o.e.m.c.i.embedder.EclipseLogger - Copying 0 resource
2013-09-30 11:18:38,492 [Worker-43] INFO  o.e.m.c.i.embedder.EclipseLogger - Using 'UTF-8' encoding to copy filtered resources.
2013-09-30 11:18:38,492 [Worker-43] INFO  o.e.m.c.i.embedder.EclipseLogger - skip non existing resourceDirectory D:\javawork\tutorial\src\test\resources
2013-09-30 11:35:02,910 [Worker-51] INFO  o.e.m.c.i.embedder.EclipseLogger - Using 'UTF-8' encoding to copy filtered resources.
2013-09-30 11:35:02,911 [Worker-51] INFO  o.e.m.c.i.embedder.EclipseLogger - Copying 0 resource
2013-09-30 11:35:02,912 [Worker-51] INFO  o.e.m.c.i.embedder.EclipseLogger - Using 'UTF-8' encoding to copy filtered resources.
2013-09-30 11:35:02,913 [Worker-51] INFO  o.e.m.c.i.embedder.EclipseLogger - skip non existing resourceDirectory D:\javawork\tutorial\src\test\resources
2013-09-30 11:36:40,275 [Worker-44] INFO  o.e.m.c.i.embedder.EclipseLogger - Using 'UTF-8' encoding to copy filtered resources.
2013-09-30 11:36:40,276 [Worker-44] INFO  o.e.m.c.i.embedder.EclipseLogger - Copying 0 resource
2013-09-30 11:36:40,277 [Worker-44] INFO  o.e.m.c.i.embedder.EclipseLogger - Using 'UTF-8' encoding to copy filtered resources.
2013-09-30 11:36:40,278 [Worker-44] INFO  o.e.m.c.i.embedder.EclipseLogger - skip non existing resourceDirectory D:\javawork\tutorial\src\test\resources
2013-09-30 11:38:55,136 [Worker-57] INFO  o.e.m.c.i.embedder.EclipseLogger - Using 'UTF-8' encoding to copy filtered resources.
2013-09-30 11:38:55,137 [Worker-57] INFO  o.e.m.c.i.embedder.EclipseLogger - Copying 0 resource
2013-09-30 11:38:55,140 [Worker-57] INFO  o.e.m.c.i.embedder.EclipseLogger - Using 'UTF-8' encoding to copy filtered resources.
2013-09-30 11:38:55,140 [Worker-57] INFO  o.e.m.c.i.embedder.EclipseLogger - skip non existing resourceDirectory D:\javawork\tutorial\src\test\resources
2013-09-30 11:39:26,155 [Worker-51] INFO  o.e.m.c.i.embedder.EclipseLogger - Using 'UTF-8' encoding to copy filtered resources.
2013-09-30 11:39:26,155 [Worker-51] INFO  o.e.m.c.i.embedder.EclipseLogger - Copying 0 resource
2013-09-30 11:39:26,158 [Worker-51] INFO  o.e.m.c.i.embedder.EclipseLogger - Using 'UTF-8' encoding to copy filtered resources.
2013-09-30 11:39:26,158 [Worker-51] INFO  o.e.m.c.i.embedder.EclipseLogger - skip non existing resourceDirectory D:\javawork\tutorial\src\test\resources
2013-09-30 11:39:40,517 [Worker-56] INFO  o.e.m.c.i.embedder.EclipseLogger - Using 'UTF-8' encoding to copy filtered resources.
2013-09-30 11:39:40,517 [Worker-56] INFO  o.e.m.c.i.embedder.EclipseLogger - Copying 0 resource
2013-09-30 11:39:40,519 [Worker-56] INFO  o.e.m.c.i.embedder.EclipseLogger - Using 'UTF-8' encoding to copy filtered resources.
2013-09-30 11:39:40,519 [Worker-56] INFO  o.e.m.c.i.embedder.EclipseLogger - skip non existing resourceDirectory D:\javawork\tutorial\src\test\resources
2013-09-30 11:40:56,494 [Worker-53] INFO  o.e.m.c.i.embedder.EclipseLogger - Using 'UTF-8' encoding to copy filtered resources.
2013-09-30 11:40:56,495 [Worker-53] INFO  o.e.m.c.i.embedder.EclipseLogger - Copying 0 resource
2013-09-30 11:40:56,497 [Worker-53] INFO  o.e.m.c.i.embedder.EclipseLogger - Using 'UTF-8' encoding to copy filtered resources.
2013-09-30 11:40:56,498 [Worker-53] INFO  o.e.m.c.i.embedder.EclipseLogger - skip non existing resourceDirectory D:\javawork\tutorial\src\test\resources
2013-09-30 12:22:04,756 [Worker-71] INFO  o.e.m.c.i.l.LifecycleMappingFactory - Using org.maven.ide.eclipse.wtp.WarLifecycleMapping lifecycle mapping for MavenProject: com.sample:tutorial:0.0.1-SNAPSHOT @ D:\javawork\tutorial\pom.xml.
2013-09-30 12:22:06,495 [Worker-71] INFO  o.e.m.c.i.embedder.EclipseLogger - Using 'UTF-8' encoding to copy filtered resources.
2013-09-30 12:22:06,496 [Worker-71] INFO  o.e.m.c.i.embedder.EclipseLogger - Copying 0 resource
2013-09-30 12:22:06,498 [Worker-71] INFO  o.e.m.c.i.embedder.EclipseLogger - Using 'UTF-8' encoding to copy filtered resources.
2013-09-30 12:22:06,498 [Worker-71] INFO  o.e.m.c.i.embedder.EclipseLogger - skip non existing resourceDirectory D:\javawork\tutorial\src\test\resources
2013-09-30 12:23:53,601 [Worker-74] INFO  o.e.m.c.i.embedder.EclipseLogger - Using 'UTF-8' encoding to copy filtered resources.
2013-09-30 12:23:53,601 [Worker-74] INFO  o.e.m.c.i.embedder.EclipseLogger - Copying 0 resource
2013-09-30 12:23:53,603 [Worker-74] INFO  o.e.m.c.i.embedder.EclipseLogger - Using 'UTF-8' encoding to copy filtered resources.
2013-09-30 12:23:53,603 [Worker-74] INFO  o.e.m.c.i.embedder.EclipseLogger - skip non existing resourceDirectory D:\javawork\tutorial\src\test\resources
2013-09-30 12:30:14,286 [Worker-68] INFO  o.e.m.c.i.embedder.EclipseLogger - Using 'UTF-8' encoding to copy filtered resources.
2013-09-30 12:30:14,286 [Worker-68] INFO  o.e.m.c.i.embedder.EclipseLogger - Copying 0 resource
2013-09-30 12:30:14,288 [Worker-68] INFO  o.e.m.c.i.embedder.EclipseLogger - Using 'UTF-8' encoding to copy filtered resources.
2013-09-30 12:30:14,288 [Worker-68] INFO  o.e.m.c.i.embedder.EclipseLogger - skip non existing resourceDirectory D:\javawork\tutorial\src\test\resources
2013-09-30 12:46:53,899 [Worker-9] INFO  o.e.m.c.i.embedder.EclipseLogger - Using 'UTF-8' encoding to copy filtered resources.
2013-09-30 12:46:53,907 [Worker-9] INFO  o.e.m.c.i.embedder.EclipseLogger - Copying 0 resource
2013-09-30 12:46:53,910 [Worker-9] INFO  o.e.m.c.i.embedder.EclipseLogger - Using 'UTF-8' encoding to copy filtered resources.
2013-09-30 12:46:53,910 [Worker-9] INFO  o.e.m.c.i.embedder.EclipseLogger - skip non existing resourceDirectory D:\javawork\tutorial\src\test\resources
2013-09-30 12:47:02,727 [Worker-11] INFO  o.e.m.c.i.embedder.EclipseLogger - Using 'UTF-8' encoding to copy filtered resources.
2013-09-30 12:47:02,731 [Worker-11] INFO  o.e.m.c.i.embedder.EclipseLogger - Copying 0 resource
2013-09-30 12:47:02,733 [Worker-11] INFO  o.e.m.c.i.embedder.EclipseLogger - Using 'UTF-8' encoding to copy filtered resources.
2013-09-30 12:47:02,733 [Worker-11] INFO  o.e.m.c.i.embedder.EclipseLogger - skip non existing resourceDirectory D:\javawork\tutorial\src\test\resources
2013-09-30 12:48:59,562 [Worker-11] INFO  o.e.m.c.i.embedder.EclipseLogger - Using 'UTF-8' encoding to copy filtered resources.
2013-09-30 12:48:59,567 [Worker-11] INFO  o.e.m.c.i.embedder.EclipseLogger - Copying 0 resource
2013-09-30 12:48:59,569 [Worker-11] INFO  o.e.m.c.i.embedder.EclipseLogger - Using 'UTF-8' encoding to copy filtered resources.
2013-09-30 12:48:59,569 [Worker-11] INFO  o.e.m.c.i.embedder.EclipseLogger - skip non existing resourceDirectory D:\javawork\tutorial\src\test\resources
2013-09-30 13:38:50,908 [Worker-19] INFO  o.e.m.c.i.embedder.EclipseLogger - Using 'UTF-8' encoding to copy filtered resources.
2013-09-30 13:38:50,909 [Worker-19] INFO  o.e.m.c.i.embedder.EclipseLogger - Copying 0 resource
2013-09-30 13:38:50,911 [Worker-19] INFO  o.e.m.c.i.embedder.EclipseLogger - Using 'UTF-8' encoding to copy filtered resources.
2013-09-30 13:38:50,911 [Worker-19] INFO  o.e.m.c.i.embedder.EclipseLogger - skip non existing resourceDirectory D:\javawork\tutorial\src\test\resources
2013-09-30 13:38:59,863 [Worker-19] INFO  o.e.m.c.i.embedder.EclipseLogger - Using 'UTF-8' encoding to copy filtered resources.
2013-09-30 13:38:59,863 [Worker-19] INFO  o.e.m.c.i.embedder.EclipseLogger - Copying 0 resource
2013-09-30 13:38:59,866 [Worker-19] INFO  o.e.m.c.i.embedder.EclipseLogger - Using 'UTF-8' encoding to copy filtered resources.
2013-09-30 13:38:59,866 [Worker-19] INFO  o.e.m.c.i.embedder.EclipseLogger - skip non existing resourceDirectory D:\javawork\tutorial\src\test\resources
2013-09-30 13:39:03,425 [Worker-25] INFO  o.e.m.c.i.embedder.EclipseLogger - Using 'UTF-8' encoding to copy filtered resources.
2013-09-30 13:39:03,426 [Worker-25] INFO  o.e.m.c.i.embedder.EclipseLogger - Copying 0 resource
2013-09-30 13:39:03,427 [Worker-25] INFO  o.e.m.c.i.embedder.EclipseLogger - Using 'UTF-8' encoding to copy filtered resources.
2013-09-30 13:39:03,428 [Worker-25] INFO  o.e.m.c.i.embedder.EclipseLogger - skip non existing resourceDirectory D:\javawork\tutorial\src\test\resources
2013-09-30 14:13:17,446 [Worker-30] INFO  o.e.m.c.i.embedder.EclipseLogger - Using 'UTF-8' encoding to copy filtered resources.
2013-09-30 14:13:17,447 [Worker-30] INFO  o.e.m.c.i.embedder.EclipseLogger - Copying 0 resource
2013-09-30 14:13:17,450 [Worker-30] INFO  o.e.m.c.i.embedder.EclipseLogger - Using 'UTF-8' encoding to copy filtered resources.
2013-09-30 14:13:17,450 [Worker-30] INFO  o.e.m.c.i.embedder.EclipseLogger - skip non existing resourceDirectory D:\javawork\tutorial\src\test\resources
2013-09-30 14:13:44,915 [Worker-32] INFO  o.e.m.c.i.embedder.EclipseLogger - Using 'UTF-8' encoding to copy filtered resources.
2013-09-30 14:13:44,916 [Worker-32] INFO  o.e.m.c.i.embedder.EclipseLogger - Copying 0 resource
2013-09-30 14:13:44,918 [Worker-32] INFO  o.e.m.c.i.embedder.EclipseLogger - Using 'UTF-8' encoding to copy filtered resources.
2013-09-30 14:13:44,918 [Worker-32] INFO  o.e.m.c.i.embedder.EclipseLogger - skip non existing resourceDirectory D:\javawork\tutorial\src\test\resources
